Mar 31, 2024 7:54:40 Simulation Started

Mar 31, 2024 7:54:40 Passenger joined the Economy queue, Last Name: Adam

Mar 31, 2024 7:54:40 Passenger checking in, Last Name: Adam

Mar 31, 2024 7:54:41 Passenger joined the Economy queue, Last Name: Loki

Mar 31, 2024 7:54:43 Passenger joined the Economy queue, Last Name: Khan

Mar 31, 2024 7:54:45 Passenger Ready to board flight, Last Name: Adam

Mar 31, 2024 7:54:45 Passenger joined the Economy queue, Last Name: Smith

Mar 31, 2024 7:54:45 Passenger checking in, Last Name: Loki

Mar 31, 2024 7:54:45 Passenger checking in, Last Name: Khan

Mar 31, 2024 7:54:46 Passenger joined the Economy queue, Last Name: Valkyrie

Mar 31, 2024 7:54:48 Passenger joined the Economy queue, Last Name: Blade

Mar 31, 2024 7:54:50 Passenger joined the Economy queue, Last Name: Watt

Mar 31, 2024 7:54:50 Passenger Ready to board flight, Last Name: Loki

Mar 31, 2024 7:54:50 Passenger Ready to board flight, Last Name: Khan

Mar 31, 2024 7:54:50 Passenger checking in, Last Name: Smith

Mar 31, 2024 7:54:50 Passenger checking in, Last Name: Valkyrie

Mar 31, 2024 7:54:51 Passenger joined the Economy queue, Last Name: Hera

Mar 31, 2024 7:54:53 Passenger joined the Economy queue, Last Name: Zeus

Mar 31, 2024 7:54:55 Passenger joined the Business queue, Last Name: Eros

Mar 31, 2024 7:54:55 Passenger Ready to board flight, Last Name: Smith

Mar 31, 2024 7:54:55 Passenger Ready to board flight, Last Name: Valkyrie

Mar 31, 2024 7:54:55 Passenger checking in, Last Name: Eros

Mar 31, 2024 7:54:55 Passenger checking in, Last Name: Blade

Mar 31, 2024 7:54:56 Passenger joined the Economy queue, Last Name: Athena

Mar 31, 2024 7:54:58 Passenger joined the Economy queue, Last Name: Atlas

Mar 31, 2024 7:55:00 Passenger joined the Economy queue, Last Name: Medusa

Mar 31, 2024 7:55:00 Passenger Ready to board flight, Last Name: Eros

Mar 31, 2024 7:55:00 Passenger Ready to board flight, Last Name: Blade

Mar 31, 2024 7:55:01 Passenger checking in, Last Name: Watt

Mar 31, 2024 7:55:01 Passenger checking in, Last Name: Hera

Mar 31, 2024 7:55:01 Passenger joined the Economy queue, Last Name: Thanatos

Mar 31, 2024 7:55:03 Passenger joined the Economy queue, Last Name: Artemis

Mar 31, 2024 7:55:05 Passenger joined the Business queue, Last Name: Chronos

Mar 31, 2024 7:55:06 Passenger Ready to board flight, Last Name: Watt

Mar 31, 2024 7:55:06 Passenger Ready to board flight, Last Name: Hera

Mar 31, 2024 7:55:06 Passenger checking in, Last Name: Chronos

Mar 31, 2024 7:55:06 Passenger checking in, Last Name: Zeus

Mar 31, 2024 7:55:07 Passenger joined the Business queue, Last Name: Pandora

Mar 31, 2024 7:55:08 Passenger joined the Business queue, Last Name: Demeter

